This is XeTeX, Version 3.14159265-2.6-0.999991 (TeX Live 2019/W32TeX) (preloaded format=xelatex 2019.9.3)  28 MAY 2020 17:11
entering extended mode
 restricted \write18 enabled.
 %&-line parsing enabled.
**xueshujiaoliu-2020-05-03.tex
(./xueshujiaoliu-2020-05-03.tex
LaTeX2e <2018-12-01>
(d:/softWare/texlive/2019/texmf-dist/tex/latex/base/article.cls
Document Class: article 2018/09/03 v1.4i Standard LaTeX document class
(d:/softWare/texlive/2019/texmf-dist/tex/latex/base/size11.clo
File: size11.clo 2018/09/03 v1.4i Standard LaTeX file (size option)
)
\c@part=\count80
\c@section=\count81
\c@subsection=\count82
\c@subsubsection=\count83
\c@paragraph=\count84
\c@subparagraph=\count85
\c@figure=\count86
\c@table=\count87
\abovecaptionskip=\skip41
\belowcaptionskip=\skip42
\bibindent=\dimen102
)
(d:/softWare/texlive/2019/texmf-dist/tex/latex/base/inputenc.sty
Package: inputenc 2018/08/11 v1.3c Input encoding file
\inpenc@prehook=\toks14
\inpenc@posthook=\toks15


Package inputenc Warning: inputenc package ignored with utf8 based engines.

) (d:/softWare/texlive/2019/texmf-dist/tex/latex/base/fontenc.sty
Package: fontenc 2018/08/11 v2.0j Standard LaTeX package

(d:/softWare/texlive/2019/texmf-dist/tex/latex/base/t1enc.def
File: t1enc.def 2018/08/11 v2.0j Standard LaTeX file
LaTeX Font Info:    Redeclaring font encoding T1 on input line 48.
)
LaTeX Font Info:    Try loading font information for T1+lmr on input line 105.

(d:/softWare/texlive/2019/texmf-dist/tex/latex/lm/t1lmr.fd
File: t1lmr.fd 2009/10/30 v1.6 Font defs for Latin Modern
))
(d:/softWare/texlive/2019/texmf-dist/tex/latex/graphics/graphicx.sty
Package: graphicx 2017/06/01 v1.1a Enhanced LaTeX Graphics (DPC,SPQR)

(d:/softWare/texlive/2019/texmf-dist/tex/latex/graphics/keyval.sty
Package: keyval 2014/10/28 v1.15 key=value parser (DPC)
\KV@toks@=\toks16
)
(d:/softWare/texlive/2019/texmf-dist/tex/latex/graphics/graphics.sty
Package: graphics 2017/06/25 v1.2c Standard LaTeX Graphics (DPC,SPQR)

(d:/softWare/texlive/2019/texmf-dist/tex/latex/graphics/trig.sty
Package: trig 2016/01/03 v1.10 sin cos tan (DPC)
)
(d:/softWare/texlive/2019/texmf-dist/tex/latex/graphics-cfg/graphics.cfg
File: graphics.cfg 2016/06/04 v1.11 sample graphics configuration
)
Package graphics Info: Driver file: xetex.def on input line 99.

(d:/softWare/texlive/2019/texmf-dist/tex/latex/graphics-def/xetex.def
File: xetex.def 2017/06/24 v5.0h Graphics/color driver for xetex
))
\Gin@req@height=\dimen103
\Gin@req@width=\dimen104
)
(d:/softWare/texlive/2019/texmf-dist/tex/latex/oberdiek/grffile.sty
Package: grffile 2017/06/30 v1.18 Extended file name support for graphics (HO)

(d:/softWare/texlive/2019/texmf-dist/tex/generic/oberdiek/ifpdf.sty
Package: ifpdf 2018/09/07 v3.3 Provides the ifpdf switch
)
(d:/softWare/texlive/2019/texmf-dist/tex/generic/ifxetex/ifxetex.sty
Package: ifxetex 2010/09/12 v0.6 Provides ifxetex conditional
)
(d:/softWare/texlive/2019/texmf-dist/tex/latex/oberdiek/kvoptions.sty
Package: kvoptions 2016/05/16 v3.12 Key value format for package options (HO)

(d:/softWare/texlive/2019/texmf-dist/tex/generic/oberdiek/ltxcmds.sty
Package: ltxcmds 2016/05/16 v1.23 LaTeX kernel commands for general use (HO)
)
(d:/softWare/texlive/2019/texmf-dist/tex/generic/oberdiek/kvsetkeys.sty
Package: kvsetkeys 2016/05/16 v1.17 Key value parser (HO)

(d:/softWare/texlive/2019/texmf-dist/tex/generic/oberdiek/infwarerr.sty
Package: infwarerr 2016/05/16 v1.4 Providing info/warning/error messages (HO)
)
(d:/softWare/texlive/2019/texmf-dist/tex/generic/oberdiek/etexcmds.sty
Package: etexcmds 2016/05/16 v1.6 Avoid name clashes with e-TeX commands (HO)

(d:/softWare/texlive/2019/texmf-dist/tex/generic/oberdiek/ifluatex.sty
Package: ifluatex 2016/05/16 v1.4 Provides the ifluatex switch (HO)
Package ifluatex Info: LuaTeX not detected.
))))
(d:/softWare/texlive/2019/texmf-dist/tex/generic/oberdiek/pdftexcmds.sty
Package: pdftexcmds 2018/09/10 v0.29 Utility functions of pdfTeX for LuaTeX (HO
)
Package pdftexcmds Info: LuaTeX not detected.
Package pdftexcmds Info: pdfTeX >= 1.30 not detected.
Package pdftexcmds Info: \pdf@primitive is available.
Package pdftexcmds Info: \pdf@ifprimitive is available.
Package pdftexcmds Info: \pdfdraftmode not found.
)
Package grffile Info: Option `multidot' is set to `true'.
Package grffile Info: Option `extendedchars' is set to `false'.
Package grffile Info: Option `space' is set to `true'.
Package grffile Info: \Gin@ii of package `graphicx' fixed on input line 494.
)
(d:/softWare/texlive/2019/texmf-dist/tex/latex/tools/longtable.sty
Package: longtable 2014/10/28 v4.11 Multi-page Table package (DPC)+ FMi change
\LTleft=\skip43
\LTright=\skip44
\LTpre=\skip45
\LTpost=\skip46
\LTchunksize=\count88
\LTcapwidth=\dimen105
\LT@head=\box27
\LT@firsthead=\box28
\LT@foot=\box29
\LT@lastfoot=\box30
\LT@cols=\count89
\LT@rows=\count90
\c@LT@tables=\count91
\c@LT@chunks=\count92
\LT@p@ftn=\toks17
)
(d:/softWare/texlive/2019/texmf-dist/tex/latex/wrapfig/wrapfig.sty
\wrapoverhang=\dimen106
\WF@size=\dimen107
\c@WF@wrappedlines=\count93
\WF@box=\box31
\WF@everypar=\toks18
Package: wrapfig 2003/01/31  v 3.6
)
(d:/softWare/texlive/2019/texmf-dist/tex/latex/graphics/rotating.sty
Package: rotating 2016/08/11 v2.16d rotated objects in LaTeX

(d:/softWare/texlive/2019/texmf-dist/tex/latex/base/ifthen.sty
Package: ifthen 2014/09/29 v1.1c Standard LaTeX ifthen package (DPC)
)
\c@r@tfl@t=\count94
\rotFPtop=\skip47
\rotFPbot=\skip48
\rot@float@box=\box32
\rot@mess@toks=\toks19
)
(d:/softWare/texlive/2019/texmf-dist/tex/generic/ulem/ulem.sty
\UL@box=\box33
\UL@hyphenbox=\box34
\UL@skip=\skip49
\UL@hook=\toks20
\UL@height=\dimen108
\UL@pe=\count95
\UL@pixel=\dimen109
\ULC@box=\box35
Package: ulem 2012/05/18
\ULdepth=\dimen110
)
(d:/softWare/texlive/2019/texmf-dist/tex/latex/amsmath/amsmath.sty
Package: amsmath 2018/12/01 v2.17b AMS math features
\@mathmargin=\skip50

For additional information on amsmath, use the `?' option.
(d:/softWare/texlive/2019/texmf-dist/tex/latex/amsmath/amstext.sty
Package: amstext 2000/06/29 v2.01 AMS text

(d:/softWare/texlive/2019/texmf-dist/tex/latex/amsmath/amsgen.sty
File: amsgen.sty 1999/11/30 v2.0 generic functions
\@emptytoks=\toks21
\ex@=\dimen111
))
(d:/softWare/texlive/2019/texmf-dist/tex/latex/amsmath/amsbsy.sty
Package: amsbsy 1999/11/29 v1.2d Bold Symbols
\pmbraise@=\dimen112
)
(d:/softWare/texlive/2019/texmf-dist/tex/latex/amsmath/amsopn.sty
Package: amsopn 2016/03/08 v2.02 operator names
)
\inf@bad=\count96
LaTeX Info: Redefining \frac on input line 223.
\uproot@=\count97
\leftroot@=\count98
LaTeX Info: Redefining \overline on input line 385.
\classnum@=\count99
\DOTSCASE@=\count100
LaTeX Info: Redefining \ldots on input line 482.
LaTeX Info: Redefining \dots on input line 485.
LaTeX Info: Redefining \cdots on input line 606.
\Mathstrutbox@=\box36
\strutbox@=\box37
\big@size=\dimen113
LaTeX Font Info:    Redeclaring font encoding OML on input line 729.
LaTeX Font Info:    Redeclaring font encoding OMS on input line 730.
\macc@depth=\count101
\c@MaxMatrixCols=\count102
\dotsspace@=\muskip10
\c@parentequation=\count103
\dspbrk@lvl=\count104
\tag@help=\toks22
\row@=\count105
\column@=\count106
\maxfields@=\count107
\andhelp@=\toks23
\eqnshift@=\dimen114
\alignsep@=\dimen115
\tagshift@=\dimen116
\tagwidth@=\dimen117
\totwidth@=\dimen118
\lineht@=\dimen119
\@envbody=\toks24
\multlinegap=\skip51
\multlinetaggap=\skip52
\mathdisplay@stack=\toks25
LaTeX Info: Redefining \[ on input line 2844.
LaTeX Info: Redefining \] on input line 2845.
)
(d:/softWare/texlive/2019/texmf-dist/tex/latex/base/textcomp.sty
Package: textcomp 2018/08/11 v2.0j Standard LaTeX package
Package textcomp Info: Sub-encoding information:
(textcomp)               5 = only ISO-Adobe without \textcurrency
(textcomp)               4 = 5 + \texteuro
(textcomp)               3 = 4 + \textohm
(textcomp)               2 = 3 + \textestimated + \textcurrency
(textcomp)               1 = TS1 - \textcircled - \t
(textcomp)               0 = TS1 (full)
(textcomp)             Font families with sub-encoding setting implement
(textcomp)             only a restricted character set as indicated.
(textcomp)             Family '?' is the default used for unknown fonts.
(textcomp)             See the documentation for details.
Package textcomp Info: Setting ? sub-encoding to TS1/1 on input line 79.

(d:/softWare/texlive/2019/texmf-dist/tex/latex/base/ts1enc.def
File: ts1enc.def 2001/06/05 v3.0e (jk/car/fm) Standard LaTeX file
)
LaTeX Info: Redefining \oldstylenums on input line 334.
Package textcomp Info: Setting cmr sub-encoding to TS1/0 on input line 349.
Package textcomp Info: Setting cmss sub-encoding to TS1/0 on input line 350.
Package textcomp Info: Setting cmtt sub-encoding to TS1/0 on input line 351.
Package textcomp Info: Setting cmvtt sub-encoding to TS1/0 on input line 352.
Package textcomp Info: Setting cmbr sub-encoding to TS1/0 on input line 353.
Package textcomp Info: Setting cmtl sub-encoding to TS1/0 on input line 354.
Package textcomp Info: Setting ccr sub-encoding to TS1/0 on input line 355.
Package textcomp Info: Setting ptm sub-encoding to TS1/4 on input line 356.
Package textcomp Info: Setting pcr sub-encoding to TS1/4 on input line 357.
Package textcomp Info: Setting phv sub-encoding to TS1/4 on input line 358.
Package textcomp Info: Setting ppl sub-encoding to TS1/3 on input line 359.
Package textcomp Info: Setting pag sub-encoding to TS1/4 on input line 360.
Package textcomp Info: Setting pbk sub-encoding to TS1/4 on input line 361.
Package textcomp Info: Setting pnc sub-encoding to TS1/4 on input line 362.
Package textcomp Info: Setting pzc sub-encoding to TS1/4 on input line 363.
Package textcomp Info: Setting bch sub-encoding to TS1/4 on input line 364.
Package textcomp Info: Setting put sub-encoding to TS1/5 on input line 365.
Package textcomp Info: Setting uag sub-encoding to TS1/5 on input line 366.
Package textcomp Info: Setting ugq sub-encoding to TS1/5 on input line 367.
Package textcomp Info: Setting ul8 sub-encoding to TS1/4 on input line 368.
Package textcomp Info: Setting ul9 sub-encoding to TS1/4 on input line 369.
Package textcomp Info: Setting augie sub-encoding to TS1/5 on input line 370.
Package textcomp Info: Setting dayrom sub-encoding to TS1/3 on input line 371.
Package textcomp Info: Setting dayroms sub-encoding to TS1/3 on input line 372.

Package textcomp Info: Setting pxr sub-encoding to TS1/0 on input line 373.
Package textcomp Info: Setting pxss sub-encoding to TS1/0 on input line 374.
Package textcomp Info: Setting pxtt sub-encoding to TS1/0 on input line 375.
Package textcomp Info: Setting txr sub-encoding to TS1/0 on input line 376.
Package textcomp Info: Setting txss sub-encoding to TS1/0 on input line 377.
Package textcomp Info: Setting txtt sub-encoding to TS1/0 on input line 378.
Package textcomp Info: Setting lmr sub-encoding to TS1/0 on input line 379.
Package textcomp Info: Setting lmdh sub-encoding to TS1/0 on input line 380.
Package textcomp Info: Setting lmss sub-encoding to TS1/0 on input line 381.
Package textcomp Info: Setting lmssq sub-encoding to TS1/0 on input line 382.
Package textcomp Info: Setting lmvtt sub-encoding to TS1/0 on input line 383.
Package textcomp Info: Setting lmtt sub-encoding to TS1/0 on input line 384.
Package textcomp Info: Setting qhv sub-encoding to TS1/0 on input line 385.
Package textcomp Info: Setting qag sub-encoding to TS1/0 on input line 386.
Package textcomp Info: Setting qbk sub-encoding to TS1/0 on input line 387.
Package textcomp Info: Setting qcr sub-encoding to TS1/0 on input line 388.
Package textcomp Info: Setting qcs sub-encoding to TS1/0 on input line 389.
Package textcomp Info: Setting qpl sub-encoding to TS1/0 on input line 390.
Package textcomp Info: Setting qtm sub-encoding to TS1/0 on input line 391.
Package textcomp Info: Setting qzc sub-encoding to TS1/0 on input line 392.
Package textcomp Info: Setting qhvc sub-encoding to TS1/0 on input line 393.
Package textcomp Info: Setting futs sub-encoding to TS1/4 on input line 394.
Package textcomp Info: Setting futx sub-encoding to TS1/4 on input line 395.
Package textcomp Info: Setting futj sub-encoding to TS1/4 on input line 396.
Package textcomp Info: Setting hlh sub-encoding to TS1/3 on input line 397.
Package textcomp Info: Setting hls sub-encoding to TS1/3 on input line 398.
Package textcomp Info: Setting hlst sub-encoding to TS1/3 on input line 399.
Package textcomp Info: Setting hlct sub-encoding to TS1/5 on input line 400.
Package textcomp Info: Setting hlx sub-encoding to TS1/5 on input line 401.
Package textcomp Info: Setting hlce sub-encoding to TS1/5 on input line 402.
Package textcomp Info: Setting hlcn sub-encoding to TS1/5 on input line 403.
Package textcomp Info: Setting hlcw sub-encoding to TS1/5 on input line 404.
Package textcomp Info: Setting hlcf sub-encoding to TS1/5 on input line 405.
Package textcomp Info: Setting pplx sub-encoding to TS1/3 on input line 406.
Package textcomp Info: Setting pplj sub-encoding to TS1/3 on input line 407.
Package textcomp Info: Setting ptmx sub-encoding to TS1/4 on input line 408.
Package textcomp Info: Setting ptmj sub-encoding to TS1/4 on input line 409.
)
(d:/softWare/texlive/2019/texmf-dist/tex/latex/amsfonts/amssymb.sty
Package: amssymb 2013/01/14 v3.01 AMS font symbols

(d:/softWare/texlive/2019/texmf-dist/tex/latex/amsfonts/amsfonts.sty
Package: amsfonts 2013/01/14 v3.01 Basic AMSFonts support
\symAMSa=\mathgroup4
\symAMSb=\mathgroup5
LaTeX Font Info:    Overwriting math alphabet `\mathfrak' in version `bold'
(Font)                  U/euf/m/n --> U/euf/b/n on input line 106.
))
(d:/softWare/texlive/2019/texmf-dist/tex/latex/capt-of/capt-of.sty
Package: capt-of 2009/12/29 v0.2 standard captions outside of floats
)
(d:/softWare/texlive/2019/texmf-dist/tex/latex/hyperref/hyperref.sty
Package: hyperref 2018/11/30 v6.88e Hypertext links for LaTeX

(d:/softWare/texlive/2019/texmf-dist/tex/generic/oberdiek/hobsub-hyperref.sty
Package: hobsub-hyperref 2016/05/16 v1.14 Bundle oberdiek, subset hyperref (HO)


(d:/softWare/texlive/2019/texmf-dist/tex/generic/oberdiek/hobsub-generic.sty
Package: hobsub-generic 2016/05/16 v1.14 Bundle oberdiek, subset generic (HO)
Package: hobsub 2016/05/16 v1.14 Construct package bundles (HO)
Package hobsub Info: Skipping package `infwarerr' (already loaded).
Package hobsub Info: Skipping package `ltxcmds' (already loaded).
Package hobsub Info: Skipping package `ifluatex' (already loaded).
Package: ifvtex 2016/05/16 v1.6 Detect VTeX and its facilities (HO)
Package ifvtex Info: VTeX not detected.
Package: intcalc 2016/05/16 v1.2 Expandable calculations with integers (HO)
Package hobsub Info: Skipping package `ifpdf' (already loaded).
Package hobsub Info: Skipping package `etexcmds' (already loaded).
Package hobsub Info: Skipping package `kvsetkeys' (already loaded).
Package: kvdefinekeys 2016/05/16 v1.4 Define keys (HO)
Package hobsub Info: Skipping package `pdftexcmds' (already loaded).
Package: pdfescape 2016/05/16 v1.14 Implements pdfTeX's escape features (HO)
Package: bigintcalc 2016/05/16 v1.4 Expandable calculations on big integers (HO
)
Package: bitset 2016/05/16 v1.2 Handle bit-vector datatype (HO)
Package: uniquecounter 2016/05/16 v1.3 Provide unlimited unique counter (HO)
)
Package hobsub Info: Skipping package `hobsub' (already loaded).
Package: letltxmacro 2016/05/16 v1.5 Let assignment for LaTeX macros (HO)
Package: hopatch 2016/05/16 v1.3 Wrapper for package hooks (HO)
Package: xcolor-patch 2016/05/16 xcolor patch
Package: atveryend 2016/05/16 v1.9 Hooks at the very end of document (HO)
Package atveryend Info: \enddocument detected (standard20110627).
Package: atbegshi 2016/06/09 v1.18 At begin shipout hook (HO)
Package: refcount 2016/05/16 v3.5 Data extraction from label references (HO)
Package: hycolor 2016/05/16 v1.8 Color options for hyperref/bookmark (HO)
)
(d:/softWare/texlive/2019/texmf-dist/tex/latex/oberdiek/auxhook.sty
Package: auxhook 2016/05/16 v1.4 Hooks for auxiliary files (HO)
)
\@linkdim=\dimen120
\Hy@linkcounter=\count108
\Hy@pagecounter=\count109

(d:/softWare/texlive/2019/texmf-dist/tex/latex/hyperref/pd1enc.def
File: pd1enc.def 2018/11/30 v6.88e Hyperref: PDFDocEncoding definition (HO)
)
\Hy@SavedSpaceFactor=\count110

(d:/softWare/texlive/2019/texmf-dist/tex/latex/latexconfig/hyperref.cfg
File: hyperref.cfg 2002/06/06 v1.2 hyperref configuration of TeXLive
)
Package hyperref Info: Hyper figures OFF on input line 4519.
Package hyperref Info: Link nesting OFF on input line 4524.
Package hyperref Info: Hyper index ON on input line 4527.
Package hyperref Info: Plain pages OFF on input line 4534.
Package hyperref Info: Backreferencing OFF on input line 4539.
Package hyperref Info: Implicit mode ON; LaTeX internals redefined.
Package hyperref Info: Bookmarks ON on input line 4772.
\c@Hy@tempcnt=\count111

(d:/softWare/texlive/2019/texmf-dist/tex/latex/url/url.sty
\Urlmuskip=\muskip11
Package: url 2013/09/16  ver 3.4  Verb mode for urls, etc.
)
LaTeX Info: Redefining \url on input line 5125.
\XeTeXLinkMargin=\dimen121
\Fld@menulength=\count112
\Field@Width=\dimen122
\Fld@charsize=\dimen123
Package hyperref Info: Hyper figures OFF on input line 6380.
Package hyperref Info: Link nesting OFF on input line 6385.
Package hyperref Info: Hyper index ON on input line 6388.
Package hyperref Info: backreferencing OFF on input line 6395.
Package hyperref Info: Link coloring OFF on input line 6400.
Package hyperref Info: Link coloring with OCG OFF on input line 6405.
Package hyperref Info: PDF/A mode OFF on input line 6410.
LaTeX Info: Redefining \ref on input line 6450.
LaTeX Info: Redefining \pageref on input line 6454.
\Hy@abspage=\count113
\c@Item=\count114
\c@Hfootnote=\count115
)
Package hyperref Info: Driver (autodetected): hxetex.

(d:/softWare/texlive/2019/texmf-dist/tex/latex/hyperref/hxetex.def
File: hxetex.def 2018/11/30 v6.88e Hyperref driver for XeTeX

(d:/softWare/texlive/2019/texmf-dist/tex/latex/hyperref/puenc.def
File: puenc.def 2018/11/30 v6.88e Hyperref: PDF Unicode definition (HO)
)
(d:/softWare/texlive/2019/texmf-dist/tex/generic/oberdiek/stringenc.sty
Package: stringenc 2016/05/16 v1.11 Convert strings between diff. encodings (HO
)
)
\pdfm@box=\box38
\c@Hy@AnnotLevel=\count116
\HyField@AnnotCount=\count117
\Fld@listcount=\count118
\c@bookmark@seq@number=\count119

(d:/softWare/texlive/2019/texmf-dist/tex/latex/oberdiek/rerunfilecheck.sty
Package: rerunfilecheck 2016/05/16 v1.8 Rerun checks for auxiliary files (HO)
Package uniquecounter Info: New unique counter `rerunfilecheck' on input line 2
82.
)
\Hy@SectionHShift=\skip53
)
(d:/softWare/texlive/2019/texmf-dist/tex/generic/oberdiek/se-ascii-print.def
File: se-ascii-print.def 2016/05/16 v1.11 stringenc: Printable ASCII characters

)
No file xueshujiaoliu-2020-05-03.aux.
\openout1 = `xueshujiaoliu-2020-05-03.aux'.

LaTeX Font Info:    Checking defaults for OML/cmm/m/it on input line 26.
LaTeX Font Info:    ... okay on input line 26.
LaTeX Font Info:    Checking defaults for T1/cmr/m/n on input line 26.
LaTeX Font Info:    ... okay on input line 26.
LaTeX Font Info:    Checking defaults for OT1/cmr/m/n on input line 26.
LaTeX Font Info:    ... okay on input line 26.
LaTeX Font Info:    Checking defaults for OMS/cmsy/m/n on input line 26.
LaTeX Font Info:    ... okay on input line 26.
LaTeX Font Info:    Checking defaults for TU/lmr/m/n on input line 26.
LaTeX Font Info:    ... okay on input line 26.
LaTeX Font Info:    Checking defaults for OMX/cmex/m/n on input line 26.
LaTeX Font Info:    ... okay on input line 26.
LaTeX Font Info:    Checking defaults for U/cmr/m/n on input line 26.
LaTeX Font Info:    ... okay on input line 26.
LaTeX Font Info:    Checking defaults for TS1/cmr/m/n on input line 26.
LaTeX Font Info:    Try loading font information for TS1+cmr on input line 26.
(d:/softWare/texlive/2019/texmf-dist/tex/latex/base/ts1cmr.fd
File: ts1cmr.fd 2014/09/29 v2.5h Standard LaTeX font definitions
)
LaTeX Font Info:    ... okay on input line 26.
LaTeX Font Info:    Checking defaults for PD1/pdf/m/n on input line 26.
LaTeX Font Info:    ... okay on input line 26.
LaTeX Font Info:    Checking defaults for PU/pdf/m/n on input line 26.
LaTeX Font Info:    ... okay on input line 26.
\AtBeginShipoutBox=\box39
Package hyperref Info: Link coloring OFF on input line 26.

(d:/softWare/texlive/2019/texmf-dist/tex/latex/hyperref/nameref.sty
Package: nameref 2016/05/21 v2.44 Cross-referencing by name of section

(d:/softWare/texlive/2019/texmf-dist/tex/generic/oberdiek/gettitlestring.sty
Package: gettitlestring 2016/05/16 v1.5 Cleanup title references (HO)
)
\c@section@level=\count120
)
LaTeX Info: Redefining \ref on input line 26.
LaTeX Info: Redefining \pageref on input line 26.
LaTeX Info: Redefining \nameref on input line 26.
\@outlinefile=\write3
\openout3 = `xueshujiaoliu-2020-05-03.out'.



Package hyperref Warning: Rerun to get /PageLabels entry.

\tf@toc=\write4
\openout4 = `xueshujiaoliu-2020-05-03.toc'.

Missing character: There is no 今 in font ec-lmr10!
Missing character: There is no 天 in font ec-lmr10!
Missing character: There is no 下 in font ec-lmr10!
Missing character: There is no 午 in font ec-lmr10!
Missing character: There is no 身 in font ec-lmr10!
Missing character: There is no 体 in font ec-lmr10!
Missing character: There is no 不 in font ec-lmr10!
Missing character: There is no 适 in font ec-lmr10!
Missing character: There is no ， in font ec-lmr10!
Missing character: There is no 不 in font ec-lmr10!
Missing character: There is no 爽 in font ec-lmr10!
Missing character: There is no 。 in font ec-lmr10!
Missing character: There is no 贾 in font ec-lmbx12!
Missing character: There is no 鹏 in font ec-lmbx12!
Missing character: There is no 学 in font ec-lmbx12!
Missing character: There is no 长 in font ec-lmbx12!
Missing character: There is no 可 in font ec-lmbx12!
Missing character: There is no 达 in font ec-lmbx12!
Missing character: There is no 性 in font ec-lmbx12!
Missing character: There is no 检 in font ec-lmbx12!
Missing character: There is no 测 in font ec-lmbx12!
Missing character: There is no 针 in font ec-lmr10!
Missing character: There is no 对 in font ec-lmr10!
Missing character: There is no 图 in font ec-lmr10!
Missing character: There is no 数 in font ec-lmr10!
Missing character: There is no 据 in font ec-lmr10!
Missing character: There is no 查 in font ec-lmr10!
Missing character: There is no 询 in font ec-lmr10!
Missing character: There is no 两 in font ec-lmr10!
Missing character: There is no 个 in font ec-lmr10!
Missing character: There is no 节 in font ec-lmr10!
Missing character: There is no 点 in font ec-lmr10!
Missing character: There is no 之 in font ec-lmr10!
Missing character: There is no 间 in font ec-lmr10!
Missing character: There is no 是 in font ec-lmr10!
Missing character: There is no 否 in font ec-lmr10!
Missing character: There is no 可 in font ec-lmr10!
Missing character: There is no 以 in font ec-lmr10!
Missing character: There is no 通 in font ec-lmr10!
Missing character: There is no 过 in font ec-lmr10!
Missing character: There is no 某 in font ec-lmr10!
Missing character: There is no 些 in font ec-lmr10!
Missing character: There is no 类 in font ec-lmr10!
Missing character: There is no 别 in font ec-lmr10!
Missing character: There is no 的 in font ec-lmr10!
Missing character: There is no 边 in font ec-lmr10!
Missing character: There is no 进 in font ec-lmr10!
Missing character: There is no 行 in font ec-lmr10!
Missing character: There is no 可 in font ec-lmr10!
Missing character: There is no 达 in font ec-lmr10!
Missing character: There is no 。 in font ec-lmr10!
Missing character: There is no 在 in font ec-lmr10!
Missing character: There is no 这 in font ec-lmr10!
Missing character: There is no 里 in font ec-lmr10!
Missing character: There is no 面 in font ec-lmr10!
Missing character: There is no ， in font ec-lmr10!
Missing character: There is no 边 in font ec-lmr10!
Missing character: There is no 的 in font ec-lmr10!
Missing character: There is no 类 in font ec-lmr10!
Missing character: There is no 别 in font ec-lmr10!
Missing character: There is no 是 in font ec-lmr10!
Missing character: There is no 需 in font ec-lmr10!
Missing character: There is no 要 in font ec-lmr10!
Missing character: There is no 进 in font ec-lmr10!
Missing character: There is no 行 in font ec-lmr10!
Missing character: There is no 考 in font ec-lmr10!
Missing character: There is no 虑 in font ec-lmr10!
Missing character: There is no 的 in font ec-lmr10!
Missing character: There is no 。 in font ec-lmr10!
Missing character: There is no ： in font ec-lmr10!
Missing character: There is no 很 in font ec-lmr10!
Missing character: There is no 耗 in font ec-lmr10!
Missing character: There is no 时 in font ec-lmr10!
Missing character: There is no 间 in font ec-lmr10!
Missing character: There is no 。 in font ec-lmr10!
Missing character: There is no 精 in font ec-lmr10!
Missing character: There is no 确 in font ec-lmr10!
Missing character: There is no 查 in font ec-lmr10!
Missing character: There is no 找 in font ec-lmr10!
Missing character: There is no （ in font ec-lmr10!
Missing character: There is no 通 in font ec-lmr10!
Missing character: There is no 过 in font ec-lmr10!
Missing character: There is no 对 in font ec-lmr10!
Missing character: There is no 节 in font ec-lmr10!
Missing character: There is no 点 in font ec-lmr10!
Missing character: There is no 建 in font ec-lmr10!
Missing character: There is no 立 in font ec-lmr10!
Missing character: There is no 索 in font ec-lmr10!
Missing character: There is no 引 in font ec-lmr10!
Missing character: There is no 的 in font ec-lmr10!
Missing character: There is no 方 in font ec-lmr10!
Missing character: There is no 法 in font ec-lmr10!
Missing character: There is no ） in font ec-lmr10!
Missing character: There is no 。 in font ec-lmr10!
Missing character: There is no 图 in font ec-lmr10!
Missing character: There is no 中 in font ec-lmr10!
Missing character: There is no 的 in font ec-lmr10!
Missing character: There is no 就 in font ec-lmr10!
Missing character: There is no 是 in font ec-lmr10!
Missing character: There is no 索 in font ec-lmr10!
Missing character: There is no 引 in font ec-lmr10!
Missing character: There is no 。 in font ec-lmr10!
Missing character: There is no 就 in font ec-lmr10!
Missing character: There is no 是 in font ec-lmr10!
Missing character: There is no 。 in font ec-lmr10!
Missing character: There is no 兰 in font ec-lmbx12!
Missing character: There is no 林 in font ec-lmbx12!
Missing character: There is no 学 in font ec-lmbx12!
Missing character: There is no 长 in font ec-lmbx12!
Missing character: There is no 半 in font ec-lmbx12!
Missing character: There is no 监 in font ec-lmbx12!
Missing character: There is no 督 in font ec-lmbx12!
Missing character: There is no 学 in font ec-lmbx12!
Missing character: There is no 习 in font ec-lmbx12!
Missing character: There is no 图 in font ec-lmbx12!
Missing character: There is no 分 in font ec-lmbx12!
Missing character: There is no 类 in font ec-lmbx12!
Missing character: There is no 图 in font ec-lmr10!
Missing character: There is no 卷 in font ec-lmr10!
Missing character: There is no 积 in font ec-lmr10!
Missing character: There is no 的 in font ec-lmr10!
Missing character: There is no 方 in font ec-lmr10!
Missing character: There is no 法 in font ec-lmr10!
Missing character: There is no ） in font ec-lmr10!
Missing character: There is no 在 in font ec-lmr10!
Missing character: There is no 做 in font ec-lmr10!
Missing character: There is no 半 in font ec-lmr10!
Missing character: There is no 监 in font ec-lmr10!
Missing character: There is no 督 in font ec-lmr10!
Missing character: There is no 节 in font ec-lmr10!
Missing character: There is no 点 in font ec-lmr10!
Missing character: There is no 分 in font ec-lmr10!
Missing character: There is no 类 in font ec-lmr10!
Missing character: There is no 时 in font ec-lmr10!
Missing character: There is no 过 in font ec-lmr10!
Missing character: There is no 于 in font ec-lmr10!
Missing character: There is no 普 in font ec-lmr10!
Missing character: There is no 通 in font ec-lmr10!
Missing character: There is no （ in font ec-lmr10!
Missing character: There is no 学 in font ec-lmr10!
Missing character: There is no 习 in font ec-lmr10!
Missing character: There is no 表 in font ec-lmr10!
Missing character: There is no 示 in font ec-lmr10!
Missing character: There is no ， in font ec-lmr10!
Missing character: There is no 之 in font ec-lmr10!
Missing character: There is no 后 in font ec-lmr10!
Missing character: There is no 分 in font ec-lmr10!
Missing character: There is no 类 in font ec-lmr10!
Missing character: There is no ） in font ec-lmr10!
Missing character: There is no ） in font ec-lmr10!
Missing character: There is no 相 in font ec-lmr10!
Missing character: There is no 邻 in font ec-lmr10!
Missing character: There is no 的 in font ec-lmr10!
Missing character: There is no 节 in font ec-lmr10!
Missing character: There is no 点 in font ec-lmr10!
Missing character: There is no 未 in font ec-lmr10!
Missing character: There is no 必 in font ec-lmr10!
Missing character: There is no 有 in font ec-lmr10!
Missing character: There is no 相 in font ec-lmr10!
Missing character: There is no 同 in font ec-lmr10!
Missing character: There is no 的 in font ec-lmr10!
Missing character: There is no 思 in font ec-lmr10!
Missing character: There is no 索 in font ec-lmr10!
Missing character: There is no 查 in font ec-lmr10!
Missing character: There is no 询 in font ec-lmr10!
Missing character: There is no 节 in font ec-lmr10!
Missing character: There is no 点 in font ec-lmr10!
Missing character: There is no 和 in font ec-lmr10!
Missing character: There is no 推 in font ec-lmr10!
Missing character: There is no 理 in font ec-lmr10!
Missing character: There is no 节 in font ec-lmr10!
Missing character: There is no 点 in font ec-lmr10!
Missing character: There is no 的 in font ec-lmr10!
Missing character: There is no 相 in font ec-lmr10!
Missing character: There is no 似 in font ec-lmr10!
Missing character: There is no 性 in font ec-lmr10!
Package atveryend Info: Empty hook `BeforeClearDocument' on input line 61.
[1

]
Package atveryend Info: Empty hook `AfterLastShipout' on input line 61.
 (./xueshujiaoliu-2020-05-03.aux)
Package atveryend Info: Empty hook `AtVeryEndDocument' on input line 61.
Package atveryend Info: Executing hook `AtEndAfterFileList' on input line 61.


Package rerunfilecheck Warning: File `xueshujiaoliu-2020-05-03.out' has changed
.
(rerunfilecheck)                Rerun to get outlines right
(rerunfilecheck)                or use package `bookmark'.

Package rerunfilecheck Info: Checksums for `xueshujiaoliu-2020-05-03.out':
(rerunfilecheck)             Before: 
(rerunfilecheck)             After:  EA56BA574C57A7614E58F695AF429320.

LaTeX Warning: Label(s) may have changed. Rerun to get cross-references right.

Package atveryend Info: Empty hook `AtVeryVeryEnd' on input line 61.
 ) 
Here is how much of TeX's memory you used:
 9728 strings out of 492922
 136287 string characters out of 6132990
 208635 words of memory out of 5000000
 13694 multiletter control sequences out of 15000+600000
 19098 words of font info for 22 fonts, out of 8000000 for 9000
 1348 hyphenation exceptions out of 8191
 36i,5n,45p,297b,326s stack positions out of 5000i,500n,10000p,200000b,80000s

Output written on xueshujiaoliu-2020-05-03.pdf (1 page).
